Using pre-set license
Built from '2020.3/release' branch; Version is '2020.3.12f1 (b3b2c6512326) revision 11776710'; Using compiler version '192528614'; Build Type 'Release'
OS: 'Windows 10 Home; OS build 19044.1889; Version 2009; 64bit' Language: 'es' Physical Memory: 16341 MB
BatchMode: 1, IsHumanControllingUs: 0, StartBugReporterOnCrash: 0, Is64bit: 1, IsPro: 0

 COMMAND LINE ARGUMENTS:
D:\dev\Unity\Editor\Unity.exe
-adb2
-batchMode
-noUpm
-name
AssetImportWorker0
-projectPath
C:/Users/franc/Documents/GitHub/Modulo3_InfiniteRunner/InfiniteRunner
-logFile
Logs/AssetImportWorker0.log
-srvPort
51750
Successfully changed project path to: C:/Users/franc/Documents/GitHub/Modulo3_InfiniteRunner/InfiniteRunner
C:/Users/franc/Documents/GitHub/Modulo3_InfiniteRunner/InfiniteRunner
Using Asset Import Pipeline V2.
Refreshing native plugins compatible for Editor in 53.69 ms, found 2 plugins.
Preloading 0 native plugins for Editor in 0.00 ms.
Initialize engine version: 2020.3.12f1 (b3b2c6512326)
[Subsystems] Discovering subsystems at path D:/dev/Unity/Editor/Data/Resources/UnitySubsystems
[Subsystems] Discovering subsystems at path C:/Users/franc/Documents/GitHub/Modulo3_InfiniteRunner/InfiniteRunner/Assets
GfxDevice: creating device client; threaded=0
Direct3D:
    Version:  Direct3D 11.0 [level 11.1]
    Renderer: Radeon RX 570 Series (ID=0x67df)
    Vendor:   
    VRAM:     8170 MB
    Driver:   30.0.15021.11005
Initialize mono
Mono path[0] = 'D:/dev/Unity/Editor/Data/Managed'
Mono path[1] = 'D:/dev/Unity/Editor/Data/MonoBleedingEdge/lib/mono/unityjit'
Mono config path = 'D:/dev/Unity/Editor/Data/MonoBleedingEdge/etc'
Using monoOptions --debugger-agent=transport=dt_socket,embedding=1,server=y,suspend=n,address=127.0.0.1:56328
Begin MonoManager ReloadAssembly
Registering precompiled unity dll's ...
Register platform support module: D:/dev/Unity/Editor/Data/PlaybackEngines/WindowsStandaloneSupport/UnityEditor.WindowsStandalone.Extensions.dll
Registered in 0.002047 seconds.
Native extension for WindowsStandalone target not found
Refreshing native plugins compatible for Editor in 47.24 ms, found 2 plugins.
Preloading 0 native plugins for Editor in 0.00 ms.
Mono: successfully reloaded assembly
- Completed reload, in  2.073 seconds
Platform modules already initialized, skipping
Registering precompiled user dll's ...
Registered in 0.009723 seconds.
Begin MonoManager ReloadAssembly
Native extension for WindowsStandalone target not found
Refreshing native plugins compatible for Editor in 0.46 ms, found 2 plugins.
Preloading 0 native plugins for Editor in 0.00 ms.
Mono: successfully reloaded assembly
- Completed reload, in  1.832 seconds
Platform modules already initialized, skipping
========================================================================
Worker process is ready to serve import requests
Launched and connected shader compiler UnityShaderCompiler.exe after 0.11 seconds
Refreshing native plugins compatible for Editor in 0.33 ms, found 2 plugins.
Preloading 0 native plugins for Editor in 0.00 ms.
Unloading 1386 Unused Serialized files (Serialized files now loaded: 0)
System memory in use before: 76.8 MB.
System memory in use after: 76.9 MB.

Unloading 19 unused Assets to reduce memory usage. Loaded Objects now: 1833.
Total: 1.894500 ms (FindLiveObjects: 0.144700 ms CreateObjectMapping: 0.048000 ms MarkObjects: 1.614600 ms  DeleteObjects: 0.085900 ms)

AssetImportParameters requested are different than current active one (requested -> active):
  custom:framework-win-MediaFoundation: 216162199b28c13a410421893ffa2e32 -> 
  custom:video-decoder-ogg-theora: a1e56fd34408186e4bbccfd4996cb3dc -> 
  custom:container-muxer-webm: aa71ff27fc2769a1b78a27578f13a17b -> 
  custom:container-demuxer-webm: 4f35f7cbe854078d1ac9338744f61a02 -> 
  custom:container-demuxer-ogg: 62fdf1f143b41e24485cea50d1cbac27 -> 
  custom:video-encoder-webm-vp8: eb34c28f22e8b96e1ab97ce403110664 -> 
  custom:video-codec-MediaFoundation-h265: 746d11721c4dcdbdad8f713fa42b33f4 -> 
  custom:video-decoder-webm-vp8: 9c59270c3fd7afecdb556c50c9e8de78 -> 
  custom:audio-decoder-ogg-vorbis: bf7c407c2cedff20999df2af8eb42d56 -> 
  custom:audio-encoder-webm-vorbis: bf7c407c2cedff20999df2af8eb42d56 -> 
========================================================================
Received Import Request.
  path: Assets/New Terrain.asset
  artifactKey: Guid(4953b56b21173ed49aef5aaaa4d7943b) Importer(815301076,1909f56bfc062723c751e8b465ee728b)
Start importing Assets/New Terrain.asset using Guid(4953b56b21173ed49aef5aaaa4d7943b) Importer(815301076,1909f56bfc062723c751e8b465ee728b)  -> (artifact id: '220696dddfc8bc01c326e8baa788ecd9') in 0.069807 seconds 
  Import took 0.072523 seconds .

========================================================================
Received Import Request.
  Time since last request: 72.180337 seconds.
  path: Assets
  artifactKey: Guid(00000000000000001000000000000000) Importer(815301076,1909f56bfc062723c751e8b465ee728b)
Start importing Assets using Guid(00000000000000001000000000000000) Importer(815301076,1909f56bfc062723c751e8b465ee728b)  -> (artifact id: '42d402b061de3733987d63b9cc3b64de') in 0.010547 seconds 
  Import took 0.016520 seconds .

========================================================================
Received Import Request.
  Time since last request: 22.799688 seconds.
  path: Assets/New Material.mat
  artifactKey: Guid(052c5c2e0446ec347bf9eb71a1dfba16) Importer(815301076,1909f56bfc062723c751e8b465ee728b)
Start importing Assets/New Material.mat using Guid(052c5c2e0446ec347bf9eb71a1dfba16) Importer(815301076,1909f56bfc062723c751e8b465ee728b)  -> (artifact id: 'b36b597d70249b08c1f2cccf2485f90d') in 0.153369 seconds 
  Import took 0.156568 seconds .

========================================================================
Received Import Request.
  Time since last request: 27.912193 seconds.
  path: Assets/base.mat
  artifactKey: Guid(052c5c2e0446ec347bf9eb71a1dfba16) Importer(815301076,1909f56bfc062723c751e8b465ee728b)
Start importing Assets/base.mat using Guid(052c5c2e0446ec347bf9eb71a1dfba16) Importer(815301076,1909f56bfc062723c751e8b465ee728b)  -> (artifact id: 'f19724ba9bb447a1d4093ea438cf2ea8') in 0.020086 seconds 
  Import took 0.026903 seconds .

========================================================================
Received Import Request.
  Time since last request: 14.169223 seconds.
  path: Assets/base 1.mat
  artifactKey: Guid(73585646ded24904aa7771bd1e071765) Importer(815301076,1909f56bfc062723c751e8b465ee728b)
Start importing Assets/base 1.mat using Guid(73585646ded24904aa7771bd1e071765) Importer(815301076,1909f56bfc062723c751e8b465ee728b)  -> (artifact id: '78c74b1a27045b93299025c8cc7cf0c7') in 0.017675 seconds 
  Import took 0.026801 seconds .

========================================================================
Received Import Request.
  Time since last request: 0.793899 seconds.
  path: Assets/base 2.mat
  artifactKey: Guid(d40b2f1ab0451cd4cae4f22482fac684) Importer(815301076,1909f56bfc062723c751e8b465ee728b)
Start importing Assets/base 2.mat using Guid(d40b2f1ab0451cd4cae4f22482fac684) Importer(815301076,1909f56bfc062723c751e8b465ee728b)  -> (artifact id: '415722210172c43dc0b11b58e892eb5b') in 0.021202 seconds 
  Import took 0.024119 seconds .

========================================================================
Received Import Request.
  Time since last request: 10.935255 seconds.
  path: Assets/linea_1.mat
  artifactKey: Guid(73585646ded24904aa7771bd1e071765) Importer(815301076,1909f56bfc062723c751e8b465ee728b)
Start importing Assets/linea_1.mat using Guid(73585646ded24904aa7771bd1e071765) Importer(815301076,1909f56bfc062723c751e8b465ee728b)  -> (artifact id: '322ef6f7e30469cfc76f9b3b9c3e6da4') in 0.015828 seconds 
  Import took 0.019418 seconds .

========================================================================
Received Import Request.
  Time since last request: 5.028123 seconds.
  path: Assets/linea_2.mat
  artifactKey: Guid(aedb7a5eb3c4c4146b780047781a49a7) Importer(815301076,1909f56bfc062723c751e8b465ee728b)
Start importing Assets/linea_2.mat using Guid(aedb7a5eb3c4c4146b780047781a49a7) Importer(815301076,1909f56bfc062723c751e8b465ee728b)  -> (artifact id: 'f4892ecb5e847ff0495c4d2cc064869a') in 0.022531 seconds 
  Import took 0.029287 seconds .

========================================================================
Received Import Request.
  Time since last request: 0.009427 seconds.
  path: Assets/linea_2.mat
  artifactKey: Guid(aedb7a5eb3c4c4146b780047781a49a7) Importer(815301076,1909f56bfc062723c751e8b465ee728b)
Start importing Assets/linea_2.mat using Guid(aedb7a5eb3c4c4146b780047781a49a7) Importer(815301076,1909f56bfc062723c751e8b465ee728b)  -> (artifact id: 'f4892ecb5e847ff0495c4d2cc064869a') in 0.019211 seconds 
  Import took 0.022600 seconds .

========================================================================
Received Import Request.
  Time since last request: 3.135234 seconds.
  path: Assets/linea_3.mat
  artifactKey: Guid(d40b2f1ab0451cd4cae4f22482fac684) Importer(815301076,1909f56bfc062723c751e8b465ee728b)
Start importing Assets/linea_3.mat using Guid(d40b2f1ab0451cd4cae4f22482fac684) Importer(815301076,1909f56bfc062723c751e8b465ee728b)  -> (artifact id: 'f1fb1c0f7f807669e1798f4cbff8e4c0') in 0.016421 seconds 
  Import took 0.020214 seconds .

========================================================================
Received Import Request.
  Time since last request: 1009.945943 seconds.
  path: Assets/linea_1.mat
  artifactKey: Guid(73585646ded24904aa7771bd1e071765) Importer(815301076,1909f56bfc062723c751e8b465ee728b)
Start importing Assets/linea_1.mat using Guid(73585646ded24904aa7771bd1e071765) Importer(815301076,1909f56bfc062723c751e8b465ee728b)  -> (artifact id: '43d243d924693a908a62098eea62298c') in 0.040626 seconds 
  Import took 0.045147 seconds .

========================================================================
Received Import Request.
  Time since last request: 0.000308 seconds.
  path: Assets/linea_3.mat
  artifactKey: Guid(d40b2f1ab0451cd4cae4f22482fac684) Importer(815301076,1909f56bfc062723c751e8b465ee728b)
Start importing Assets/linea_3.mat using Guid(d40b2f1ab0451cd4cae4f22482fac684) Importer(815301076,1909f56bfc062723c751e8b465ee728b)  -> (artifact id: 'f348e13fa8d8c945f58ac6e0458de2fa') in 0.014056 seconds 
  Import took 0.016816 seconds .

========================================================================
Received Import Request.
  Time since last request: 0.000291 seconds.
  path: Assets/linea_2.mat
  artifactKey: Guid(aedb7a5eb3c4c4146b780047781a49a7) Importer(815301076,1909f56bfc062723c751e8b465ee728b)
Start importing Assets/linea_2.mat using Guid(aedb7a5eb3c4c4146b780047781a49a7) Importer(815301076,1909f56bfc062723c751e8b465ee728b)  -> (artifact id: '083a11c864b12c8bd4d7eb99335c2322') in 0.016347 seconds 
  Import took 0.020590 seconds .

========================================================================
Received Import Request.
  Time since last request: 11.252929 seconds.
  path: Assets/Picola
  artifactKey: Guid(7a2b8a4ccbc4ac24c933356a5a36a69d) Importer(815301076,1909f56bfc062723c751e8b465ee728b)
Start importing Assets/Picola using Guid(7a2b8a4ccbc4ac24c933356a5a36a69d) Importer(815301076,1909f56bfc062723c751e8b465ee728b)  -> (artifact id: '303d4eabb9a5eb0ad4129e57ba409de5') in 0.009963 seconds 
  Import took 0.013731 seconds .

========================================================================
Received Import Request.
  Time since last request: 0.748145 seconds.
  path: Assets/Picola/Picolabo
  artifactKey: Guid(fde9898702ca3ba4391829c4bf53f399) Importer(815301076,1909f56bfc062723c751e8b465ee728b)
Start importing Assets/Picola/Picolabo using Guid(fde9898702ca3ba4391829c4bf53f399) Importer(815301076,1909f56bfc062723c751e8b465ee728b)  -> (artifact id: '415b9020498fc84230f97d20479feb65') in 0.010364 seconds 
  Import took 0.013506 seconds .

========================================================================
Received Import Request.
  Time since last request: 0.001344 seconds.
  path: Assets/Picola/Picolabo
  artifactKey: Guid(fde9898702ca3ba4391829c4bf53f399) Importer(815301076,1909f56bfc062723c751e8b465ee728b)
Start importing Assets/Picola/Picolabo using Guid(fde9898702ca3ba4391829c4bf53f399) Importer(815301076,1909f56bfc062723c751e8b465ee728b)  -> (artifact id: '415b9020498fc84230f97d20479feb65') in 0.016239 seconds 
  Import took 0.020133 seconds .

========================================================================
Received Import Request.
  Time since last request: 1.934495 seconds.
  path: Assets/Picola/Picolabo/Models
  artifactKey: Guid(8208b57b8fbb072458b49a7e1b110c34) Importer(815301076,1909f56bfc062723c751e8b465ee728b)
Start importing Assets/Picola/Picolabo/Models using Guid(8208b57b8fbb072458b49a7e1b110c34) Importer(815301076,1909f56bfc062723c751e8b465ee728b)  -> (artifact id: 'ff359da5269e146b639447886a9506d6') in 0.011208 seconds 
  Import took 0.015187 seconds .

========================================================================
Received Import Request.
  Time since last request: 0.001052 seconds.
  path: Assets/Picola/Picolabo/Models
  artifactKey: Guid(8208b57b8fbb072458b49a7e1b110c34) Importer(815301076,1909f56bfc062723c751e8b465ee728b)
Start importing Assets/Picola/Picolabo/Models using Guid(8208b57b8fbb072458b49a7e1b110c34) Importer(815301076,1909f56bfc062723c751e8b465ee728b)  -> (artifact id: 'ff359da5269e146b639447886a9506d6') in 0.004021 seconds 
  Import took 0.007224 seconds .

========================================================================
Received Import Request.
  Time since last request: 0.068278 seconds.
  path: Assets/Picola/Picolabo/Models/pico_labo_chr_picolabo_00.fbx
  artifactKey: Guid(db8198e635f0f3b45a3d30bbce3d4f75) Importer(815301076,1909f56bfc062723c751e8b465ee728b)
Start importing Assets/Picola/Picolabo/Models/pico_labo_chr_picolabo_00.fbx using Guid(db8198e635f0f3b45a3d30bbce3d4f75) Importer(815301076,1909f56bfc062723c751e8b465ee728b)  -> (artifact id: '912af58e01ec386e41554fc210492e67') in 0.312169 seconds 
  Import took 0.317092 seconds .

========================================================================
Received Import Request.
  Time since last request: 61.669923 seconds.
  path: Assets/Picola/Picolabo/Textures
  artifactKey: Guid(bdf8bf4cb647eb648b9c3bc559798afc) Importer(815301076,1909f56bfc062723c751e8b465ee728b)
Start importing Assets/Picola/Picolabo/Textures using Guid(bdf8bf4cb647eb648b9c3bc559798afc) Importer(815301076,1909f56bfc062723c751e8b465ee728b)  -> (artifact id: '4516c03fd4f2e2cc7c2d3c962dea7664') in 0.011029 seconds 
  Import took 0.014724 seconds .

========================================================================
Received Import Request.
  Time since last request: 0.001256 seconds.
  path: Assets/Picola/Picolabo/Textures
  artifactKey: Guid(bdf8bf4cb647eb648b9c3bc559798afc) Importer(815301076,1909f56bfc062723c751e8b465ee728b)
Start importing Assets/Picola/Picolabo/Textures using Guid(bdf8bf4cb647eb648b9c3bc559798afc) Importer(815301076,1909f56bfc062723c751e8b465ee728b)  -> (artifact id: '4516c03fd4f2e2cc7c2d3c962dea7664') in 0.004093 seconds 
  Import took 0.007537 seconds .

========================================================================
Received Import Request.
  Time since last request: 0.053436 seconds.
  path: Assets/Picola/Picolabo/Textures/pico_labo_chr_picolabo_00_c.png
  artifactKey: Guid(37ad98161578acd44bb2db493cf90225) Importer(815301076,1909f56bfc062723c751e8b465ee728b)
Start importing Assets/Picola/Picolabo/Textures/pico_labo_chr_picolabo_00_c.png using Guid(37ad98161578acd44bb2db493cf90225) Importer(815301076,1909f56bfc062723c751e8b465ee728b)  -> (artifact id: 'c42b4c0ff6cac2963988371319eb1b07') in 0.090893 seconds 
  Import took 0.094974 seconds .

========================================================================
Received Import Request.
  Time since last request: 5.765690 seconds.
  path: Assets/Picola/Picolabo/Prefabs
  artifactKey: Guid(ce8989689610be84baaeadd881cd1f6a) Importer(815301076,1909f56bfc062723c751e8b465ee728b)
Start importing Assets/Picola/Picolabo/Prefabs using Guid(ce8989689610be84baaeadd881cd1f6a) Importer(815301076,1909f56bfc062723c751e8b465ee728b)  -> (artifact id: '4f42845fd246cf1eca5d573a09659980') in 0.010013 seconds 
  Import took 0.015811 seconds .

========================================================================
Received Import Request.
  Time since last request: 0.000683 seconds.
  path: Assets/Picola/Picolabo/Prefabs
  artifactKey: Guid(ce8989689610be84baaeadd881cd1f6a) Importer(815301076,1909f56bfc062723c751e8b465ee728b)
Start importing Assets/Picola/Picolabo/Prefabs using Guid(ce8989689610be84baaeadd881cd1f6a) Importer(815301076,1909f56bfc062723c751e8b465ee728b)  -> (artifact id: '4f42845fd246cf1eca5d573a09659980') in 0.004362 seconds 
  Import took 0.007617 seconds .

========================================================================
Received Import Request.
  Time since last request: 0.044565 seconds.
  path: Assets/Picola/Picolabo/Prefabs/Picolabo.prefab
  artifactKey: Guid(1733a5876e48d9847afd77bc7913412e) Importer(815301076,1909f56bfc062723c751e8b465ee728b)
Start importing Assets/Picola/Picolabo/Prefabs/Picolabo.prefab using Guid(1733a5876e48d9847afd77bc7913412e) Importer(815301076,1909f56bfc062723c751e8b465ee728b)  -> (artifact id: '9da656c295f04e2c79b2455e001f4603') in 0.080982 seconds 
  Import took 0.085026 seconds .

========================================================================
Received Import Request.
  Time since last request: 55.980294 seconds.
  path: Assets/Picola/Picolabo/Materials
  artifactKey: Guid(83d1101813b77de45b322c2f5628156e) Importer(815301076,1909f56bfc062723c751e8b465ee728b)
Start importing Assets/Picola/Picolabo/Materials using Guid(83d1101813b77de45b322c2f5628156e) Importer(815301076,1909f56bfc062723c751e8b465ee728b)  -> (artifact id: '072e1b8ae3ee22e7edb0a3b1d1fb77cc') in 0.012552 seconds 
  Import took 0.015754 seconds .

========================================================================
Received Import Request.
  Time since last request: 0.320032 seconds.
  path: Assets/Picola/Picolabo/Animations
  artifactKey: Guid(1c3ac460836630b4b8e034ef92ea2ee8) Importer(815301076,1909f56bfc062723c751e8b465ee728b)
Start importing Assets/Picola/Picolabo/Animations using Guid(1c3ac460836630b4b8e034ef92ea2ee8) Importer(815301076,1909f56bfc062723c751e8b465ee728b)  -> (artifact id: '3f794788be924dfbb9fcc352d720fd95') in 0.010264 seconds 
  Import took 0.013231 seconds .

========================================================================
Received Import Request.
  Time since last request: 0.000983 seconds.
  path: Assets/Picola/Picolabo/Animations
  artifactKey: Guid(1c3ac460836630b4b8e034ef92ea2ee8) Importer(815301076,1909f56bfc062723c751e8b465ee728b)
Start importing Assets/Picola/Picolabo/Animations using Guid(1c3ac460836630b4b8e034ef92ea2ee8) Importer(815301076,1909f56bfc062723c751e8b465ee728b)  -> (artifact id: '3f794788be924dfbb9fcc352d720fd95') in 0.004328 seconds 
  Import took 0.007142 seconds .

========================================================================
Received Import Request.
  Time since last request: 0.061856 seconds.
  path: Assets/Picola/Picolabo/Animations/pico_labo_anm_idle01_00.fbx
  artifactKey: Guid(c4253e4a2e0b8f444a80572072b45605) Importer(815301076,1909f56bfc062723c751e8b465ee728b)
Start importing Assets/Picola/Picolabo/Animations/pico_labo_anm_idle01_00.fbx using Guid(c4253e4a2e0b8f444a80572072b45605) Importer(815301076,1909f56bfc062723c751e8b465ee728b)  -> (artifact id: '88e5e15a81489dbcd2c3dd5af457a436') in 0.141773 seconds 
  Import took 0.146569 seconds .

========================================================================
Received Import Request.
  Time since last request: 0.000315 seconds.
  path: Assets/Picola/Picolabo/Animations/pico_labo_anm_walk01_00.fbx
  artifactKey: Guid(9a4fb109f510a594f91342f5a205e254) Importer(815301076,1909f56bfc062723c751e8b465ee728b)
Start importing Assets/Picola/Picolabo/Animations/pico_labo_anm_walk01_00.fbx using Guid(9a4fb109f510a594f91342f5a205e254) Importer(815301076,1909f56bfc062723c751e8b465ee728b)  -> (artifact id: '3a90e62615370459e678ff1ec62354a0') in 0.140007 seconds 
  Import took 0.144562 seconds .

========================================================================
Received Import Request.
  Time since last request: 0.000372 seconds.
  path: Assets/Picola/Picolabo/Animations/pico_labo_anm_jump01_00.fbx
  artifactKey: Guid(2c537cf7f49a98c4b9ee7a86d1302907) Importer(815301076,1909f56bfc062723c751e8b465ee728b)
Start importing Assets/Picola/Picolabo/Animations/pico_labo_anm_jump01_00.fbx using Guid(2c537cf7f49a98c4b9ee7a86d1302907) Importer(815301076,1909f56bfc062723c751e8b465ee728b)  -> (artifact id: '17dcd2e2ffa3776ba1851a189071e39e') in 0.125193 seconds 
  Import took 0.129078 seconds .

========================================================================
Received Import Request.
  Time since last request: 0.000344 seconds.
  path: Assets/Picola/Picolabo/Animations/pico_labo_anm_run02_00.fbx
  artifactKey: Guid(20459de3006047141b3a7a0af649de5a) Importer(815301076,1909f56bfc062723c751e8b465ee728b)
Start importing Assets/Picola/Picolabo/Animations/pico_labo_anm_run02_00.fbx using Guid(20459de3006047141b3a7a0af649de5a) Importer(815301076,1909f56bfc062723c751e8b465ee728b)  -> (artifact id: 'e7ab562ac444544508fc569d9d3ebe23') in 0.128425 seconds 
  Import took 0.132775 seconds .

========================================================================
Received Import Request.
  Time since last request: 0.000381 seconds.
  path: Assets/Picola/Picolabo/Animations/pico_labo_anm_run01_00.fbx
  artifactKey: Guid(f286fa14bc97bcb42a26a77b6f477e40) Importer(815301076,1909f56bfc062723c751e8b465ee728b)
Start importing Assets/Picola/Picolabo/Animations/pico_labo_anm_run01_00.fbx using Guid(f286fa14bc97bcb42a26a77b6f477e40) Importer(815301076,1909f56bfc062723c751e8b465ee728b)  -> (artifact id: '440d9c5fe87eec86b10712131377192f') in 0.123915 seconds 
  Import took 0.128395 seconds .

========================================================================
Received Import Request.
  Time since last request: 72.632944 seconds.
  path: Assets/Picola/Picolabo/Materials/picolabo_m.mat
  artifactKey: Guid(17a7dfd332035d144a53d7509db816df) Importer(815301076,1909f56bfc062723c751e8b465ee728b)
Start importing Assets/Picola/Picolabo/Materials/picolabo_m.mat using Guid(17a7dfd332035d144a53d7509db816df) Importer(815301076,1909f56bfc062723c751e8b465ee728b)  -> (artifact id: 'cd911cd8785e530c20609c96d463966b') in 0.079010 seconds 
  Import took 0.085874 seconds .

========================================================================
Received Import Request.
  Time since last request: 7.199893 seconds.
  path: Assets/Picola/Picolabo/Samples
  artifactKey: Guid(8b0ca49c1487e8e4bb0881dfe5f43dca) Importer(815301076,1909f56bfc062723c751e8b465ee728b)
Start importing Assets/Picola/Picolabo/Samples using Guid(8b0ca49c1487e8e4bb0881dfe5f43dca) Importer(815301076,1909f56bfc062723c751e8b465ee728b)  -> (artifact id: '311466b922c2169067de8ef01bc2268a') in 0.010409 seconds 
  Import took 0.013448 seconds .

========================================================================
Received Import Request.
  Time since last request: 1.563179 seconds.
  path: Assets/Picola/Picolabo/Samples/Scenes
  artifactKey: Guid(f9d65ab73a7cc6c45a4133717a296778) Importer(815301076,1909f56bfc062723c751e8b465ee728b)
Start importing Assets/Picola/Picolabo/Samples/Scenes using Guid(f9d65ab73a7cc6c45a4133717a296778) Importer(815301076,1909f56bfc062723c751e8b465ee728b)  -> (artifact id: '65e6dcfc972e240c240dea8c724f2d35') in 0.008970 seconds 
  Import took 0.014755 seconds .

========================================================================
Received Import Request.
  Time since last request: 0.000510 seconds.
  path: Assets/Picola/Picolabo/Samples/Scenes
  artifactKey: Guid(f9d65ab73a7cc6c45a4133717a296778) Importer(815301076,1909f56bfc062723c751e8b465ee728b)
Start importing Assets/Picola/Picolabo/Samples/Scenes using Guid(f9d65ab73a7cc6c45a4133717a296778) Importer(815301076,1909f56bfc062723c751e8b465ee728b)  -> (artifact id: '65e6dcfc972e240c240dea8c724f2d35') in 0.003846 seconds 
  Import took 0.007087 seconds .

========================================================================
Received Import Request.
  Time since last request: 1.061614 seconds.
  path: Assets/Picola/Picolabo/Samples/Scenes/Demo.unity
  artifactKey: Guid(b33a5e51efd01644c8af54527f16d8fa) Importer(815301076,1909f56bfc062723c751e8b465ee728b)
Start importing Assets/Picola/Picolabo/Samples/Scenes/Demo.unity using Guid(b33a5e51efd01644c8af54527f16d8fa) Importer(815301076,1909f56bfc062723c751e8b465ee728b)  -> (artifact id: '7db9c1d1e06c1f613219ab26f0440b3c') in 0.010709 seconds 
  Import took 0.014031 seconds .

========================================================================
Received Prepare
Registering precompiled user dll's ...
Registered in 0.006564 seconds.
Begin MonoManager ReloadAssembly
Native extension for WindowsStandalone target not found
Refreshing native plugins compatible for Editor in 0.46 ms, found 2 plugins.
Preloading 0 native plugins for Editor in 0.00 ms.
Mono: successfully reloaded assembly
- Completed reload, in  1.385 seconds
Platform modules already initialized, skipping
Refreshing native plugins compatible for Editor in 0.30 ms, found 2 plugins.
Preloading 0 native plugins for Editor in 0.00 ms.
Unloading 1381 Unused Serialized files (Serialized files now loaded: 0)
System memory in use before: 94.0 MB.
System memory in use after: 94.1 MB.

Unloading 14 unused Assets to reduce memory usage. Loaded Objects now: 1882.
Total: 2.852900 ms (FindLiveObjects: 0.180600 ms CreateObjectMapping: 0.045200 ms MarkObjects: 2.542000 ms  DeleteObjects: 0.083800 ms)

AssetImportParameters requested are different than current active one (requested -> active):
  custom:framework-win-MediaFoundation: 216162199b28c13a410421893ffa2e32 -> 
  custom:video-decoder-ogg-theora: a1e56fd34408186e4bbccfd4996cb3dc -> 
  custom:container-muxer-webm: aa71ff27fc2769a1b78a27578f13a17b -> 
  custom:container-demuxer-webm: 4f35f7cbe854078d1ac9338744f61a02 -> 
  custom:container-demuxer-ogg: 62fdf1f143b41e24485cea50d1cbac27 -> 
  custom:video-encoder-webm-vp8: eb34c28f22e8b96e1ab97ce403110664 -> 
  custom:video-codec-MediaFoundation-h265: 746d11721c4dcdbdad8f713fa42b33f4 -> 
  custom:video-decoder-webm-vp8: 9c59270c3fd7afecdb556c50c9e8de78 -> 
  custom:audio-decoder-ogg-vorbis: bf7c407c2cedff20999df2af8eb42d56 -> 
  custom:audio-encoder-webm-vorbis: bf7c407c2cedff20999df2af8eb42d56 -> 
========================================================================
Received Import Request.
  Time since last request: 31.867458 seconds.
  path: Assets/Scenes
  artifactKey: Guid(0b0b931a970c0a240bc7426e41ad503b) Importer(815301076,1909f56bfc062723c751e8b465ee728b)
Start importing Assets/Scenes using Guid(0b0b931a970c0a240bc7426e41ad503b) Importer(815301076,1909f56bfc062723c751e8b465ee728b)  -> (artifact id: '3846ac9a1c244fc15071224b4cebaf37') in 0.007740 seconds 
  Import took 0.011570 seconds .

========================================================================
Received Import Request.
  Time since last request: 0.752652 seconds.
  path: Assets/Scenes/SampleScene.unity
  artifactKey: Guid(9fc0d4010bbf28b4594072e72b8655ab) Importer(815301076,1909f56bfc062723c751e8b465ee728b)
Start importing Assets/Scenes/SampleScene.unity using Guid(9fc0d4010bbf28b4594072e72b8655ab) Importer(815301076,1909f56bfc062723c751e8b465ee728b)  -> (artifact id: 'a148d29bfbb235fc69167389fdb24840') in 0.019751 seconds 
  Import took 0.022594 seconds .

========================================================================
Received Import Request.
  Time since last request: 5.221536 seconds.
  path: Assets/Picola/Picolabo/Samples/AnimationControllers
  artifactKey: Guid(c4c6ff913d77fa8428e2bba2b41e423e) Importer(815301076,1909f56bfc062723c751e8b465ee728b)
Start importing Assets/Picola/Picolabo/Samples/AnimationControllers using Guid(c4c6ff913d77fa8428e2bba2b41e423e) Importer(815301076,1909f56bfc062723c751e8b465ee728b)  -> (artifact id: 'c5de487dd1c0660524e074c94be88f44') in 0.013570 seconds 
  Import took 0.016955 seconds .

========================================================================
Received Import Request.
  Time since last request: 0.937376 seconds.
  path: Assets/Picola/Picolabo/Samples/AnimationControllers/Demo.controller
  artifactKey: Guid(57c26a82a712e914882188649c839350) Importer(815301076,1909f56bfc062723c751e8b465ee728b)
Start importing Assets/Picola/Picolabo/Samples/AnimationControllers/Demo.controller using Guid(57c26a82a712e914882188649c839350) Importer(815301076,1909f56bfc062723c751e8b465ee728b)  -> (artifact id: 'bfbeae279904cff6bc85428da0df414f') in 0.032085 seconds 
  Import took 0.034966 seconds .

========================================================================
Received Prepare
Registering precompiled user dll's ...
Registered in 0.006578 seconds.
Begin MonoManager ReloadAssembly
Native extension for WindowsStandalone target not found
Refreshing native plugins compatible for Editor in 0.32 ms, found 2 plugins.
Preloading 0 native plugins for Editor in 0.00 ms.
Mono: successfully reloaded assembly
- Completed reload, in  1.183 seconds
Platform modules already initialized, skipping
Refreshing native plugins compatible for Editor in 0.29 ms, found 2 plugins.
Preloading 0 native plugins for Editor in 0.00 ms.
Unloading 1381 Unused Serialized files (Serialized files now loaded: 0)
System memory in use before: 94.0 MB.
System memory in use after: 94.1 MB.

Unloading 14 unused Assets to reduce memory usage. Loaded Objects now: 1885.
Total: 2.582400 ms (FindLiveObjects: 0.139600 ms CreateObjectMapping: 0.043400 ms MarkObjects: 2.280600 ms  DeleteObjects: 0.117800 ms)

AssetImportParameters requested are different than current active one (requested -> active):
  custom:framework-win-MediaFoundation: 216162199b28c13a410421893ffa2e32 -> 
  custom:video-decoder-ogg-theora: a1e56fd34408186e4bbccfd4996cb3dc -> 
  custom:container-muxer-webm: aa71ff27fc2769a1b78a27578f13a17b -> 
  custom:container-demuxer-webm: 4f35f7cbe854078d1ac9338744f61a02 -> 
  custom:container-demuxer-ogg: 62fdf1f143b41e24485cea50d1cbac27 -> 
  custom:video-encoder-webm-vp8: eb34c28f22e8b96e1ab97ce403110664 -> 
  custom:video-codec-MediaFoundation-h265: 746d11721c4dcdbdad8f713fa42b33f4 -> 
  custom:video-decoder-webm-vp8: 9c59270c3fd7afecdb556c50c9e8de78 -> 
  custom:audio-decoder-ogg-vorbis: bf7c407c2cedff20999df2af8eb42d56 -> 
  custom:audio-encoder-webm-vorbis: bf7c407c2cedff20999df2af8eb42d56 -> 
AssetImportWorkerClient::OnTransportError - code=2 error=End of file
